<?xml version="1.0" encoding="UTF-8"?>
<!-- Generated by org.testng.reporters.JUnitXMLReporter -->
<testsuite ignored="0" hostname="DESKTOP-20BIKE2" failures="0" tests="4" name="Test" time="103.684" errors="0" timestamp="2023-01-04T15:41:10 IST">
  <testcase classname="ai.ds.apps.testLayer.BuyFunctioallity" name="verifyBuyFunctioallity" time="20.07"/>
  <testcase classname="ai.ds.apps.testLayer.LoginPageTest" name="verifyLogin" time="4.013"/>
  <testcase classname="ai.ds.apps.testLayer.BuyFunWithIntradayMarket" name="verifyBuyIntradayMarket" time="15.404"/>
  <testcase classname="ai.ds.apps.testLayer.IntradayCustomTest" name="verifyIntradayCustom" time="13.123"/>
</testsuite> <!-- Test -->
