<?xml version="1.0" encoding="UTF-8"?>
<testng-results ignored="0" total="4" passed="4" failed="0" skipped="0">
  <reporter-output>
  </reporter-output>
  <suite started-at="2023-01-04T15:39:27 IST" name="RegressionSuite" finished-at="2023-01-04T15:41:10 IST" duration-ms="103684">
    <groups>
    </groups>
    <test started-at="2023-01-04T15:39:27 IST" name="Test" finished-at="2023-01-04T15:41:10 IST" duration-ms="103684">
      <class name="ai.ds.apps.testLayer.LoginPageTest">
        <test-method is-config="true" signature="start()[pri:0, instance:ai.ds.apps.testLayer.LoginPageTest@5c5eefef]" started-at="2023-01-04T15:40:01 IST" name="start" finished-at="2023-01-04T15:40:01 IST" duration-ms="5" status="PASS">
          <reporter-output>
          </reporter-output>
        </test-method> <!-- start -->
        <test-method is-config="true" signature="setup(java.lang.String)[pri:0, instance:ai.ds.apps.testLayer.LoginPageTest@5c5eefef]" started-at="2023-01-04T15:40:01 IST" name="setup" finished-at="2023-01-04T15:40:13 IST" duration-ms="11761" status="PASS">
          <params>
            <param index="0">
              <value>
                <![CDATA[chrome]]>
              </value>
            </param>
          </params>
          <reporter-output>
          </reporter-output>
        </test-method> <!-- setup -->
        <test-method signature="verifyLogin()[pri:0, instance:ai.ds.apps.testLayer.LoginPageTest@5c5eefef]" started-at="2023-01-04T15:40:13 IST" name="verifyLogin" finished-at="2023-01-04T15:40:17 IST" duration-ms="4013" status="PASS">
          <reporter-output>
          </reporter-output>
        </test-method> <!-- verifyLogin -->
        <test-method is-config="true" signature="tearDown()[pri:0, instance:ai.ds.apps.testLayer.LoginPageTest@5c5eefef]" started-at="2023-01-04T15:40:17 IST" name="tearDown" finished-at="2023-01-04T15:40:17 IST" duration-ms="1" status="PASS">
          <reporter-output>
          </reporter-output>
        </test-method> <!-- tearDown -->
        <test-method is-config="true" signature="end()[pri:0, instance:ai.ds.apps.testLayer.LoginPageTest@5c5eefef]" started-at="2023-01-04T15:40:17 IST" name="end" finished-at="2023-01-04T15:40:17 IST" duration-ms="1" status="PASS">
          <reporter-output>
          </reporter-output>
        </test-method> <!-- end -->
      </class> <!-- ai.ds.apps.testLayer.LoginPageTest -->
      <class name="ai.ds.apps.testLayer.BuyFunWithIntradayMarket">
        <test-method is-config="true" signature="start()[pri:0, instance:ai.ds.apps.testLayer.BuyFunWithIntradayMarket@16293aa2]" started-at="2023-01-04T15:40:17 IST" name="start" finished-at="2023-01-04T15:40:17 IST" duration-ms="9" status="PASS">
          <reporter-output>
          </reporter-output>
        </test-method> <!-- start -->
        <test-method is-config="true" signature="setup(java.lang.String)[pri:0, instance:ai.ds.apps.testLayer.BuyFunWithIntradayMarket@16293aa2]" started-at="2023-01-04T15:40:17 IST" name="setup" finished-at="2023-01-04T15:40:28 IST" duration-ms="11618" status="PASS">
          <params>
            <param index="0">
              <value>
                <![CDATA[chrome]]>
              </value>
            </param>
          </params>
          <reporter-output>
          </reporter-output>
        </test-method> <!-- setup -->
        <test-method signature="verifyBuyIntradayMarket()[pri:0, instance:ai.ds.apps.testLayer.BuyFunWithIntradayMarket@16293aa2]" started-at="2023-01-04T15:40:28 IST" name="verifyBuyIntradayMarket" finished-at="2023-01-04T15:40:44 IST" duration-ms="15404" status="PASS">
          <reporter-output>
          </reporter-output>
        </test-method> <!-- verifyBuyIntradayMarket -->
        <test-method is-config="true" signature="tearDown()[pri:0, instance:ai.ds.apps.testLayer.BuyFunWithIntradayMarket@16293aa2]" started-at="2023-01-04T15:40:44 IST" name="tearDown" finished-at="2023-01-04T15:40:44 IST" duration-ms="1" status="PASS">
          <reporter-output>
          </reporter-output>
        </test-method> <!-- tearDown -->
        <test-method is-config="true" signature="end()[pri:0, instance:ai.ds.apps.testLayer.BuyFunWithIntradayMarket@16293aa2]" started-at="2023-01-04T15:40:44 IST" name="end" finished-at="2023-01-04T15:40:44 IST" duration-ms="1" status="PASS">
          <reporter-output>
          </reporter-output>
        </test-method> <!-- end -->
      </class> <!-- ai.ds.apps.testLayer.BuyFunWithIntradayMarket -->
      <class name="ai.ds.apps.testLayer.IntradayCustomTest">
        <test-method is-config="true" signature="start()[pri:0, instance:ai.ds.apps.testLayer.IntradayCustomTest@5158b42f]" started-at="2023-01-04T15:40:44 IST" name="start" finished-at="2023-01-04T15:40:44 IST" duration-ms="6" status="PASS">
          <reporter-output>
          </reporter-output>
        </test-method> <!-- start -->
        <test-method is-config="true" signature="setup(java.lang.String)[pri:0, instance:ai.ds.apps.testLayer.IntradayCustomTest@5158b42f]" started-at="2023-01-04T15:40:44 IST" name="setup" finished-at="2023-01-04T15:40:57 IST" duration-ms="13304" status="PASS">
          <params>
            <param index="0">
              <value>
                <![CDATA[chrome]]>
              </value>
            </param>
          </params>
          <reporter-output>
          </reporter-output>
        </test-method> <!-- setup -->
        <test-method signature="verifyIntradayCustom()[pri:0, instance:ai.ds.apps.testLayer.IntradayCustomTest@5158b42f]" started-at="2023-01-04T15:40:57 IST" name="verifyIntradayCustom" finished-at="2023-01-04T15:41:10 IST" duration-ms="13123" status="PASS">
          <reporter-output>
          </reporter-output>
        </test-method> <!-- verifyIntradayCustom -->
        <test-method is-config="true" signature="tearDown()[pri:0, instance:ai.ds.apps.testLayer.IntradayCustomTest@5158b42f]" started-at="2023-01-04T15:41:10 IST" name="tearDown" finished-at="2023-01-04T15:41:10 IST" duration-ms="2" status="PASS">
          <reporter-output>
          </reporter-output>
        </test-method> <!-- tearDown -->
        <test-method is-config="true" signature="end()[pri:0, instance:ai.ds.apps.testLayer.IntradayCustomTest@5158b42f]" started-at="2023-01-04T15:41:10 IST" name="end" finished-at="2023-01-04T15:41:10 IST" duration-ms="1" status="PASS">
          <reporter-output>
          </reporter-output>
        </test-method> <!-- end -->
      </class> <!-- ai.ds.apps.testLayer.IntradayCustomTest -->
      <class name="ai.ds.apps.testLayer.BuyFunctioallity">
        <test-method is-config="true" signature="start()[pri:0, instance:ai.ds.apps.testLayer.BuyFunctioallity@6d763516]" started-at="2023-01-04T15:39:27 IST" name="start" finished-at="2023-01-04T15:39:27 IST" duration-ms="266" status="PASS">
          <reporter-output>
          </reporter-output>
        </test-method> <!-- start -->
        <test-method is-config="true" signature="setup(java.lang.String)[pri:0, instance:ai.ds.apps.testLayer.BuyFunctioallity@6d763516]" started-at="2023-01-04T15:39:27 IST" name="setup" finished-at="2023-01-04T15:39:41 IST" duration-ms="13981" status="PASS">
          <params>
            <param index="0">
              <value>
                <![CDATA[chrome]]>
              </value>
            </param>
          </params>
          <reporter-output>
          </reporter-output>
        </test-method> <!-- setup -->
        <test-method signature="verifyBuyFunctioallity()[pri:0, instance:ai.ds.apps.testLayer.BuyFunctioallity@6d763516]" started-at="2023-01-04T15:39:41 IST" name="verifyBuyFunctioallity" finished-at="2023-01-04T15:40:01 IST" duration-ms="20070" status="PASS">
          <reporter-output>
          </reporter-output>
        </test-method> <!-- verifyBuyFunctioallity -->
        <test-method is-config="true" signature="tearDown()[pri:0, instance:ai.ds.apps.testLayer.BuyFunctioallity@6d763516]" started-at="2023-01-04T15:40:01 IST" name="tearDown" finished-at="2023-01-04T15:40:01 IST" duration-ms="0" status="PASS">
          <reporter-output>
          </reporter-output>
        </test-method> <!-- tearDown -->
        <test-method is-config="true" signature="end()[pri:0, instance:ai.ds.apps.testLayer.BuyFunctioallity@6d763516]" started-at="2023-01-04T15:40:01 IST" name="end" finished-at="2023-01-04T15:40:01 IST" duration-ms="1" status="PASS">
          <reporter-output>
          </reporter-output>
        </test-method> <!-- end -->
      </class> <!-- ai.ds.apps.testLayer.BuyFunctioallity -->
    </test> <!-- Test -->
  </suite> <!-- RegressionSuite -->
</testng-results>
