<?xml version="1.0" encoding="UTF-8"?>
<testng-results ignored="0" total="1" passed="1" failed="0" skipped="0">
  <reporter-output>
  </reporter-output>
  <suite started-at="2023-01-06T18:39:25 IST" name="Default suite" finished-at="2023-01-06T18:39:25 IST" duration-ms="58">
    <groups>
    </groups>
    <test started-at="2023-01-06T18:39:25 IST" name="Default test" finished-at="2023-01-06T18:39:25 IST" duration-ms="58">
      <class name="ai.ds.apps.testLayer.SampleTest">
        <test-method signature="Sample()[pri:0, instance:ai.ds.apps.testLayer.SampleTest@5f058f00]" started-at="2023-01-06T18:39:25 IST" name="Sample" finished-at="2023-01-06T18:39:25 IST" duration-ms="15" status="PASS">
          <reporter-output>
          </reporter-output>
        </test-method> <!-- Sample -->
      </class> <!-- ai.ds.apps.testLayer.SampleTest -->
    </test> <!-- Default test -->
  </suite> <!-- Default suite -->
</testng-results>
